<?xml version="1.0" encoding="UTF-8"?>
<!-- Generated by org.testng.reporters.JUnitXMLReporter -->
<testsuite ignored="2" hostname="XIPL91452" failures="0" tests="3" name="Test_All" time="0.497" errors="0" timestamp="2022-08-23T19:09:35 IST">
  <testcase classname="com.autostore.testcases.RegisterNewUserTest" name="@BeforeMethod setup" time="0.001">
    <failure type="java.lang.NullPointerException">
      <![CDATA[java.lang.NullPointerException
at com.automationstore.base.BaseClass.launchApp(BaseClass.java:80)
at com.autostore.testcases.RegisterNewUserTest.setup(RegisterNewUserTest.java:28)
at java.base/java.util.ArrayList.forEach(ArrayList.java:1540)
... Removed 31 stack frames]]>
    </failure>
  </testcase> <!-- @BeforeMethod setup -->
  <testcase classname="com.autostore.testcases.RegisterNewUserTest" name="@AfterMethod tearDown" time="-1.661261975147E9">
    <skipped/>
  </testcase> <!-- @AfterMethod tearDown -->
  <testcase classname="com.autostore.testcases.RegisterNewUserTest" name="@BeforeMethod setup" time="-1.661261975575E9">
    <skipped/>
  </testcase> <!-- @BeforeMethod setup -->
  <testcase classname="com.autostore.testcases.RegisterNewUserTest" name="@AfterMethod tearDown" time="-1.661261975578E9">
    <skipped/>
  </testcase> <!-- @AfterMethod tearDown -->
  <testcase classname="com.autostore.testcases.EndToEndCheckOutTest" name="@BeforeMethod setup" time="0.0">
    <failure type="java.lang.NullPointerException">
      <![CDATA[java.lang.NullPointerException
at com.automationstore.base.BaseClass.launchApp(BaseClass.java:80)
at com.autostore.testcases.EndToEndCheckOutTest.setup(EndToEndCheckOutTest.java:32)
at java.base/java.util.ArrayList.forEach(ArrayList.java:1540)
... Removed 31 stack frames]]>
    </failure>
  </testcase> <!-- @BeforeMethod setup -->
  <testcase classname="com.autostore.testcases.EndToEndCheckOutTest" name="@AfterMethod tearDown" time="-1.661261975609E9">
    <skipped/>
  </testcase> <!-- @AfterMethod tearDown -->
  <testcase classname="com.autostore.testcases.RegisterNewUserTest" name="verifyRegisterNewUserPage" time="0.0">
    <skipped/>
  </testcase> <!-- verifyRegisterNewUserPage -->
  <testcase classname="com.autostore.testcases.RegisterNewUserTest" name="registerNewUserTest" time="0.0">
    <skipped/>
  </testcase> <!-- registerNewUserTest -->
  <testcase classname="com.autostore.testcases.EndToEndCheckOutTest" name="checkOutTest" time="0.001">
    <skipped/>
  </testcase> <!-- checkOutTest -->
  <testcase classname="com.automationstore.base.BaseClass" name="@AfterSuite afterSuite" time="0.0">
    <ignored/>
  </testcase> <!-- @AfterSuite afterSuite -->
  <testcase classname="com.automationstore.base.BaseClass" name="@BeforeSuite loadConfig" time="0.0">
    <ignored/>
  </testcase> <!-- @BeforeSuite loadConfig -->
</testsuite> <!-- Test_All -->
